<?xml version="1.0" encoding="UTF-8"?>
<!-- Generated by org.testng.reporters.JUnitXMLReporter -->
<testsuite ignored="0" hostname="DESKTOP-U1F0512" failures="4" tests="8" name="OragneHRM Test" time="71.688" errors="0" timestamp="31 Jul 2020 15:46:57 GMT">
  <testcase classname="com.orangehrm.TestCases.LoginTest" name="loginTest" time="6.476"/>
  <testcase classname="com.orangehrm.TestCases.LoginDDTest" name="logindatadriven" time="9.023"/>
  <testcase classname="com.orangehrm.TestCases.LoginDDTest" name="logindatadriven" time="3.796">
    <failure type="java.lang.AssertionError" message="expected [true] but found [false]">
      <![CDATA[java.lang.AssertionError: expected [true] but found [false]
at com.orangehrm.TestCases.LoginDDTest.logindatadriven(LoginDDTest.java:31)
... Removed 29 stack frames]]>
    </failure>
  </testcase> <!-- logindatadriven -->
  <testcase classname="com.orangehrm.TestCases.LoginDDTest" name="logindatadriven" time="3.929">
    <failure type="java.lang.AssertionError" message="expected [true] but found [false]">
      <![CDATA[java.lang.AssertionError: expected [true] but found [false]
at com.orangehrm.TestCases.LoginDDTest.logindatadriven(LoginDDTest.java:31)
... Removed 29 stack frames]]>
    </failure>
  </testcase> <!-- logindatadriven -->
  <testcase classname="com.orangehrm.TestCases.LoginDDTest" name="logindatadriven" time="8.643"/>
  <testcase classname="com.orangehrm.TestCases.LoginDDTest" name="logindatadriven" time="3.737">
    <failure type="java.lang.AssertionError" message="expected [true] but found [false]">
      <![CDATA[java.lang.AssertionError: expected [true] but found [false]
at com.orangehrm.TestCases.LoginDDTest.logindatadriven(LoginDDTest.java:31)
... Removed 29 stack frames]]>
    </failure>
  </testcase> <!-- logindatadriven -->
  <testcase classname="com.orangehrm.TestCases.LoginDDTest" name="logindatadriven" time="3.898">
    <failure type="java.lang.AssertionError" message="expected [true] but found [false]">
      <![CDATA[java.lang.AssertionError: expected [true] but found [false]
at com.orangehrm.TestCases.LoginDDTest.logindatadriven(LoginDDTest.java:31)
... Removed 29 stack frames]]>
    </failure>
  </testcase> <!-- logindatadriven -->
  <testcase classname="com.orangehrm.TestCases.PersonalDetailsTest" name="editpersonaldetails" time="10.196"/>
</testsuite> <!-- OragneHRM Test -->
