<?xml version="1.0" encoding="UTF-8"?>
<!-- Generated by org.testng.reporters.JUnitXMLReporter -->
<testsuite ignored="0" hostname="DESKTOP-U1F0512" failures="4" tests="9" name="OragneHRM Test" time="81.786" errors="0" timestamp="24 Aug 2020 15:19:29 GMT">
  <testcase classname="com.orangehrm.TestCases.LoginTest" name="loginTest" time="3.91"/>
  <testcase classname="com.orangehrm.TestCases.LoginDDTest" name="logindatadriven" time="14.036"/>
  <testcase classname="com.orangehrm.TestCases.LoginDDTest" name="logindatadriven" time="3.848">
    <failure type="java.lang.AssertionError" message="expected [true] but found [false]">
      <![CDATA[java.lang.AssertionError: expected [true] but found [false]
at com.orangehrm.TestCases.LoginDDTest.logindatadriven(LoginDDTest.java:32)
... Removed 29 stack frames]]>
    </failure>
  </testcase> <!-- logindatadriven -->
  <testcase classname="com.orangehrm.TestCases.LoginDDTest" name="logindatadriven" time="3.652">
    <failure type="java.lang.AssertionError" message="expected [true] but found [false]">
      <![CDATA[java.lang.AssertionError: expected [true] but found [false]
at com.orangehrm.TestCases.LoginDDTest.logindatadriven(LoginDDTest.java:32)
... Removed 29 stack frames]]>
    </failure>
  </testcase> <!-- logindatadriven -->
  <testcase classname="com.orangehrm.TestCases.LoginDDTest" name="logindatadriven" time="8.329"/>
  <testcase classname="com.orangehrm.TestCases.LoginDDTest" name="logindatadriven" time="3.619">
    <failure type="java.lang.AssertionError" message="expected [true] but found [false]">
      <![CDATA[java.lang.AssertionError: expected [true] but found [false]
at com.orangehrm.TestCases.LoginDDTest.logindatadriven(LoginDDTest.java:32)
... Removed 29 stack frames]]>
    </failure>
  </testcase> <!-- logindatadriven -->
  <testcase classname="com.orangehrm.TestCases.LoginDDTest" name="logindatadriven" time="3.565">
    <failure type="java.lang.AssertionError" message="expected [true] but found [false]">
      <![CDATA[java.lang.AssertionError: expected [true] but found [false]
at com.orangehrm.TestCases.LoginDDTest.logindatadriven(LoginDDTest.java:32)
... Removed 29 stack frames]]>
    </failure>
  </testcase> <!-- logindatadriven -->
  <testcase classname="com.orangehrm.TestCases.PersonalDetailsTest" name="editpersonaldetails" time="11.194"/>
  <testcase classname="com.orangehrm.Database.LoginfromDatabase" name="setup" time="4.218"/>
</testsuite> <!-- OragneHRM Test -->
