<?xml version="1.0" encoding="UTF-8"?>
<testng-results ignored="0" total="2" passed="2" failed="0" skipped="0">
  <reporter-output>
  </reporter-output>
  <suite started-at="2020-07-30T10:48:01Z" name="OrageHRM" finished-at="2020-07-30T10:48:29Z" duration-ms="28643">
    <groups>
    </groups>
    <test started-at="2020-07-30T10:48:01Z" name="OragneHRM Test" finished-at="2020-07-30T10:48:29Z" duration-ms="28643">
      <class name="com.orangehrm.TestCases.PersonalDetailsTest">
        <test-method is-config="true" signature="setup(java.lang.String)[pri:0, instance:com.orangehrm.TestCases.PersonalDetailsTest@2892d68]" started-at="2020-07-30T10:48:12Z" name="setup" finished-at="2020-07-30T10:48:18Z" duration-ms="5682" status="PASS">
          <params>
            <param index="0">
              <value>
                <![CDATA[Chrome]]>
              </value>
            </param>
          </params>
          <reporter-output>
          </reporter-output>
        </test-method> <!-- setup -->
        <test-method signature="editpersonaldetails()[pri:0, instance:com.orangehrm.TestCases.PersonalDetailsTest@2892d68]" started-at="2020-07-30T10:48:18Z" name="editpersonaldetails" finished-at="2020-07-30T10:48:29Z" duration-ms="10831" status="PASS">
          <reporter-output>
          </reporter-output>
        </test-method> <!-- editpersonaldetails -->
        <test-method is-config="true" signature="close()[pri:0, instance:com.orangehrm.TestCases.PersonalDetailsTest@2892d68]" started-at="2020-07-30T10:48:29Z" name="close" finished-at="2020-07-30T10:48:29Z" duration-ms="654" status="PASS">
          <reporter-output>
          </reporter-output>
        </test-method> <!-- close -->
      </class> <!-- com.orangehrm.TestCases.PersonalDetailsTest -->
      <class name="com.orangehrm.TestCases.LoginTest">
        <test-method is-config="true" signature="setup(java.lang.String)[pri:0, instance:com.orangehrm.TestCases.LoginTest@d86a6f]" started-at="2020-07-30T10:48:01Z" name="setup" finished-at="2020-07-30T10:48:07Z" duration-ms="6014" status="PASS">
          <params>
            <param index="0">
              <value>
                <![CDATA[Chrome]]>
              </value>
            </param>
          </params>
          <reporter-output>
          </reporter-output>
        </test-method> <!-- setup -->
        <test-method signature="loginTest()[pri:0, instance:com.orangehrm.TestCases.LoginTest@d86a6f]" started-at="2020-07-30T10:48:07Z" name="loginTest" finished-at="2020-07-30T10:48:11Z" duration-ms="4574" status="PASS">
          <reporter-output>
          </reporter-output>
        </test-method> <!-- loginTest -->
        <test-method is-config="true" signature="close()[pri:0, instance:com.orangehrm.TestCases.LoginTest@d86a6f]" started-at="2020-07-30T10:48:12Z" name="close" finished-at="2020-07-30T10:48:12Z" duration-ms="657" status="PASS">
          <reporter-output>
          </reporter-output>
        </test-method> <!-- close -->
      </class> <!-- com.orangehrm.TestCases.LoginTest -->
    </test> <!-- OragneHRM Test -->
  </suite> <!-- OrageHRM -->
</testng-results>
